0 info it worked if it ends with ok
1 verbose cli [ 'C:\\Program Files\\nodejs\\node.exe',
1 verbose cli   'C:\\Program Files\\nodejs\\node_modules\\npm\\bin\\npm-cli.js',
1 verbose cli   'publish' ]
2 info using npm@2.15.1
3 info using node@v4.4.3
4 verbose publish [ '.' ]
5 silly cache add args [ '.', null ]
6 verbose cache add spec .
7 silly cache add parsed spec Result {
7 silly cache add   raw: '.',
7 silly cache add   scope: null,
7 silly cache add   name: null,
7 silly cache add   rawSpec: '.',
7 silly cache add   spec: 'D:\\dev\\herokuRun',
7 silly cache add   type: 'directory' }
8 verbose addLocalDirectory C:\Users\Adam\AppData\Roaming\npm-cache\herokuRun\0.0.1\package.tgz not in flight; packing
9 verbose correctMkdir C:\Users\Adam\AppData\Roaming\npm-cache correctMkdir not in flight; initializing
10 verbose tar pack [ 'C:\\Users\\Adam\\AppData\\Roaming\\npm-cache\\herokuRun\\0.0.1\\package.tgz',
10 verbose tar pack   'D:\\dev\\herokuRun' ]
11 verbose tarball C:\Users\Adam\AppData\Roaming\npm-cache\herokuRun\0.0.1\package.tgz
12 verbose folder D:\dev\herokuRun
13 info prepublish herokuRun@0.0.1
14 verbose addLocalTarball adding from inside cache C:\Users\Adam\AppData\Roaming\npm-cache\herokuRun\0.0.1\package.tgz
15 verbose correctMkdir C:\Users\Adam\AppData\Roaming\npm-cache correctMkdir not in flight; initializing
16 silly cache afterAdd herokuRun@0.0.1
17 verbose afterAdd C:\Users\Adam\AppData\Roaming\npm-cache\herokuRun\0.0.1\package\package.json not in flight; writing
18 verbose correctMkdir C:\Users\Adam\AppData\Roaming\npm-cache correctMkdir not in flight; initializing
19 verbose afterAdd C:\Users\Adam\AppData\Roaming\npm-cache\herokuRun\0.0.1\package\package.json written
20 silly publish { name: 'herokuRun',
20 silly publish   description: 'run commands using heroku one-off dynos',
20 silly publish   version: '0.0.1',
20 silly publish   private: true,
20 silly publish   main: 'lib/herokuRun.js',
20 silly publish   dependencies: { 'heroku-client': 'x', merge: '^1.2.0' },
20 silly publish   devDependencies:
20 silly publish    { mocha: 'x',
20 silly publish      'mocha-jenkins-reporter': 'x',
20 silly publish      should: '6.0.x',
20 silly publish      sinon: 'v1.14.x' },
20 silly publish   scripts: { test: 'make -f Makefile test' },
20 silly publish   repository:
20 silly publish    { type: 'git',
20 silly publish      url: 'git+https://github.com/amarczuk/herokuRun.git' },
20 silly publish   author: { name: 'Adam Marczuk' },
20 silly publish   license: 'BSD',
20 silly publish   readme: '#Heroku Run\n\nSimple module that enables to run commands on one-off heroku dynos from within the node applications.\n\n##How to nstall\n\n``` bash\n$ npm install herokuRun --save\n```\n\n##How to use\n\n``` javascript\nvar herokuRun = require( \'herokuRun\' ),\n\trunner = herokuRun( \'token\', \'my-app-name\' );\n\nrunner.run( \'pwd && ls\', function( err, logger ) {\n\n        if ( err ) {\n        \tconsole.log( err );\n        \treturn;\n        }\n\n        logger\n            .on( \'connected\', function( auth ) {\n               \tconsole.log( \'connected\' );\n               \tconsole.log( (auth) ? \'authorized\', \'unauthorized\' );\n            })\n            .on( \'data\', function( data ) {\n                 process.stdout.write( data.toString() );\n            })\n            .on( \'end\', function() {\n                console.log( \'connection ended\' );\n            });\n    } );\n``` \n\n\n##How to test\n\nAdd heroku credentials to _tests/conf/heroku.json_ for end-to-end test to pass.\n\n``` json\n{\n\t"heroku" : { "token": "placeholder_for_valid_heroku_token" },\n\t"app": "placeholder_for_valid_heroku_app_name"\n}\n``` \n',
20 silly publish   readmeFilename: 'README.md',
20 silly publish   gitHead: 'b717fc252d810698443395194a542e6a13f63ae9',
20 silly publish   bugs: { url: 'https://github.com/amarczuk/herokuRun/issues' },
20 silly publish   homepage: 'https://github.com/amarczuk/herokuRun#readme',
20 silly publish   _id: 'herokuRun@0.0.1',
20 silly publish   _shasum: '0ea19c4a2d3197d5f1c159d5eea35d8d5401f203',
20 silly publish   _from: '.' }
21 verbose getPublishConfig undefined
22 verbose stack Error: This package has been marked as private
22 verbose stack Remove the 'private' field from the package.json to publish it.
22 verbose stack     at publish_ (C:\Program Files\nodejs\node_modules\npm\lib\publish.js:98:5)
22 verbose stack     at Array.<anonymous> (C:\Program Files\nodejs\node_modules\npm\node_modules\slide\lib\bind-actor.js:15:8)
22 verbose stack     at LOOP (C:\Program Files\nodejs\node_modules\npm\node_modules\slide\lib\chain.js:15:14)
22 verbose stack     at LOOP (C:\Program Files\nodejs\node_modules\npm\node_modules\slide\lib\chain.js:14:28)
22 verbose stack     at chain (C:\Program Files\nodejs\node_modules\npm\node_modules\slide\lib\chain.js:20:5)
22 verbose stack     at C:\Program Files\nodejs\node_modules\npm\lib\publish.js:73:5
22 verbose stack     at RES (C:\Program Files\nodejs\node_modules\npm\node_modules\inflight\inflight.js:23:14)
22 verbose stack     at f (C:\Program Files\nodejs\node_modules\npm\node_modules\once\once.js:17:25)
22 verbose stack     at C:\Program Files\nodejs\node_modules\npm\lib\cache.js:351:14
22 verbose stack     at C:\Program Files\nodejs\node_modules\npm\node_modules\write-file-atomic\index.js:29:9
23 verbose cwd D:\dev\herokuRun
24 error Windows_NT 10.0.10586
25 error argv "C:\\Program Files\\nodejs\\node.exe" "C:\\Program Files\\nodejs\\node_modules\\npm\\bin\\npm-cli.js" "publish"
26 error node v4.4.3
27 error npm  v2.15.1
28 error This package has been marked as private
28 error Remove the 'private' field from the package.json to publish it.
29 error If you need help, you may report this error at:
29 error     <https://github.com/npm/npm/issues>
30 verbose exit [ 1, true ]
